{
  "0 debug pnpm:scope": {
    "selected": 1
  },
  "1 error pnpm": {
    "errno": 1,
    "code": "ELIFECYCLE",
    "pkgid": "super2021-new@0.0.1",
    "stage": "dev",
    "script": "vite dev",
    "pkgname": "super2021-new",
    "err": {
      "name": "pnpm",
      "message": "super2021-new@0.0.1 dev: `vite dev`\nExit status 1",
      "code": "ELIFECYCLE",
      "stack": "pnpm: super2021-new@0.0.1 dev: `vite dev`\nExit status 1\n    at EventEmitter.<anonymous> (E:\\nvm\\nvm\\v17.4.0\\node_modules\\pnpm\\dist\\pnpm.cjs:105664:20)\n    at EventEmitter.emit (node:events:520:28)\n    at ChildProcess.<anonymous> (E:\\nvm\\nvm\\v17.4.0\\node_modules\\pnpm\\dist\\pnpm.cjs:92211:18)\n    at ChildProcess.emit (node:events:520:28)\n    at maybeClose (node:internal/child_process:1090:16)\n    at Process.ChildProcess._handle.onexit (node:internal/child_process:302:5)"
    }
  },
  "2 warn pnpm:global": " Local package.json exists, but node_modules missing, did you mean to install?"
}